<?xml version="1.0" encoding="UTF-8"?>
<!-- Generated by org.testng.reporters.JUnitReportReporter -->
<testsuite skipped="0" hostname="Admins-MBP" name="runner.RegressionTest" tests="6" failures="0" timestamp="17 Jun 2020 10:54:15 GMT" time="195.812" errors="0">
  <testcase name="scenario" time="35.100" classname="runner.RegressionTest"/>
  <testcase name="scenario" time="36.226" classname="runner.RegressionTest"/>
  <testcase name="scenario" time="29.118" classname="runner.RegressionTest"/>
  <testcase name="scenario" time="29.115" classname="runner.RegressionTest"/>
  <testcase name="scenario" time="29.393" classname="runner.RegressionTest"/>
  <testcase name="scenario" time="36.860" classname="runner.RegressionTest"/>
</testsuite> <!-- runner.RegressionTest -->
